\BOOKMARK [0][-]{chapter.0}{Einf\374hrung}{}% 1
\BOOKMARK [1][-]{section.0.1}{Definition Artificial Intelligence}{chapter.0}% 2
\BOOKMARK [1][-]{section.0.2}{Symbolisch \046 Subsymbolische Repr\344sentationen}{chapter.0}% 3
\BOOKMARK [1][-]{section.0.3}{Knowledge-Intensive vs Knowledge Sparse Methods}{chapter.0}% 4
\BOOKMARK [0][-]{chapter.1}{Rationale Agenten}{}% 5
\BOOKMARK [1][-]{section.1.1}{Eigenschaften Rationale Agenten}{chapter.1}% 6
\BOOKMARK [1][-]{section.1.2}{Beispiele f\374r rationale Agenten}{chapter.1}% 7
\BOOKMARK [1][-]{section.1.3}{Modellierung / Struktur}{chapter.1}% 8
\BOOKMARK [1][-]{section.1.4}{Performance}{chapter.1}% 9
\BOOKMARK [2][-]{subsection.1.4.1}{Definition}{section.1.4}% 10
\BOOKMARK [1][-]{section.1.5}{Umgebungen}{chapter.1}% 11
\BOOKMARK [1][-]{section.1.6}{Typen von Agenten}{chapter.1}% 12
\BOOKMARK [2][-]{subsection.1.6.1}{Simple Reflex}{section.1.6}% 13
\BOOKMARK [2][-]{subsection.1.6.2}{Model-based Reflex Agent}{section.1.6}% 14
\BOOKMARK [2][-]{subsection.1.6.3}{Goal-Based}{section.1.6}% 15
\BOOKMARK [2][-]{subsection.1.6.4}{Utility-Based}{section.1.6}% 16
\BOOKMARK [2][-]{subsection.1.6.5}{Learning}{section.1.6}% 17
\BOOKMARK [2][-]{subsection.1.6.6}{Lernfragen}{section.1.6}% 18
\BOOKMARK [0][-]{chapter.2}{Suchalgorithmen}{}% 19
\BOOKMARK [1][-]{section.2.1}{Systematische Suche}{chapter.2}% 20
\BOOKMARK [2][-]{subsection.2.1.1}{Voraussetzungen f\374r eine Suche}{section.2.1}% 21
\BOOKMARK [2][-]{subsection.2.1.2}{Begrifflichkeiten}{section.2.1}% 22
\BOOKMARK [2][-]{subsection.2.1.3}{Beispielmodelle}{section.2.1}% 23
\BOOKMARK [2][-]{subsection.2.1.4}{Suchbaum}{section.2.1}% 24
\BOOKMARK [2][-]{subsection.2.1.5}{Suchraum}{section.2.1}% 25
\BOOKMARK [2][-]{subsection.2.1.6}{Breadth-First Search \(BFS\)}{section.2.1}% 26
\BOOKMARK [2][-]{subsection.2.1.7}{Depth-First Search \(DFS\)}{section.2.1}% 27
\BOOKMARK [2][-]{subsection.2.1.8}{Depth-Limited Search \(DLS\)}{section.2.1}% 28
\BOOKMARK [2][-]{subsection.2.1.9}{Iterative Deepening Search \(IDS\)}{section.2.1}% 29
\BOOKMARK [2][-]{subsection.2.1.10}{Uniform Cost Search \(UCS\)}{section.2.1}% 30
\BOOKMARK [2][-]{subsection.2.1.11}{Fragen}{section.2.1}% 31
\BOOKMARK [1][-]{section.2.2}{Heuristic \(informed\) search}{chapter.2}% 32
\BOOKMARK [2][-]{subsection.2.2.1}{Eigenschaften von h\(n\)}{section.2.2}% 33
\BOOKMARK [2][-]{subsection.2.2.2}{Greedy Search}{section.2.2}% 34
\BOOKMARK [2][-]{subsection.2.2.3}{A* Search}{section.2.2}% 35
\BOOKMARK [2][-]{subsection.2.2.4}{Beam Search}{section.2.2}% 36
\BOOKMARK [2][-]{subsection.2.2.5}{IDA*}{section.2.2}% 37
\BOOKMARK [2][-]{subsection.2.2.6}{Branch and Bound}{section.2.2}% 38
\BOOKMARK [2][-]{subsection.2.2.7}{Heuristiken}{section.2.2}% 39
\BOOKMARK [2][-]{subsection.2.2.8}{Summary Questions}{section.2.2}% 40
\BOOKMARK [1][-]{section.2.3}{Local Search}{chapter.2}% 41
\BOOKMARK [2][-]{subsection.2.3.1}{Hillclimbing}{section.2.3}% 42
\BOOKMARK [2][-]{subsection.2.3.2}{Random Restart}{section.2.3}% 43
\BOOKMARK [2][-]{subsection.2.3.3}{Random Walk}{section.2.3}% 44
\BOOKMARK [2][-]{subsection.2.3.4}{Tabu Search}{section.2.3}% 45
\BOOKMARK [2][-]{subsection.2.3.5}{Simulated Annealing}{section.2.3}% 46
\BOOKMARK [2][-]{subsection.2.3.6}{Genetische Algorithmen}{section.2.3}% 47
\BOOKMARK [2][-]{subsection.2.3.7}{Ant Colony Optimization}{section.2.3}% 48
\BOOKMARK [2][-]{subsection.2.3.8}{Summary Questions}{section.2.3}% 49
\BOOKMARK [0][-]{chapter.3}{Problemkomplexit\344t}{}% 50
\BOOKMARK [1][-]{section.3.1}{Einleitung}{chapter.3}% 51
\BOOKMARK [2][-]{subsection.3.1.1}{Entscheidungsprobleme}{section.3.1}% 52
\BOOKMARK [1][-]{section.3.2}{Turing Maschine}{chapter.3}% 53
\BOOKMARK [2][-]{subsection.3.2.1}{Deterministic Turing Maschine \(DTM\)}{section.3.2}% 54
\BOOKMARK [2][-]{subsection.3.2.2}{Non-Deterministic Turing Maschine \(NTM\)}{section.3.2}% 55
\BOOKMARK [1][-]{section.3.3}{NP Probleme}{chapter.3}% 56
\BOOKMARK [2][-]{subsection.3.3.1}{Beispiel}{section.3.3}% 57
\BOOKMARK [2][-]{subsection.3.3.2}{Definition}{section.3.3}% 58
\BOOKMARK [1][-]{section.3.4}{P = NP}{chapter.3}% 59
\BOOKMARK [2][-]{subsection.3.4.1}{NP Schwierig}{section.3.4}% 60
\BOOKMARK [2][-]{subsection.3.4.2}{NP Komplett}{section.3.4}% 61
\BOOKMARK [2][-]{subsection.3.4.3}{Problemreduzierung}{section.3.4}% 62
\BOOKMARK [1][-]{section.3.5}{Satisfiability Problem}{chapter.3}% 63
\BOOKMARK [1][-]{section.3.6}{Andere Problem-Mengen}{chapter.3}% 64
\BOOKMARK [0][-]{chapter.4}{Bayessche Netze - Reasoning under Uncertainty}{}% 65
\BOOKMARK [1][-]{section.4.1}{Einf\374hrung}{chapter.4}% 66
\BOOKMARK [1][-]{section.4.2}{Begriffe}{chapter.4}% 67
\BOOKMARK [1][-]{section.4.3}{From Real World to Random Variables}{chapter.4}% 68
\BOOKMARK [1][-]{section.4.4}{Global- und Marginalverteilung}{chapter.4}% 69
\BOOKMARK [1][-]{section.4.5}{Bayes Theorem}{chapter.4}% 70
\BOOKMARK [1][-]{section.4.6}{Causal Relations and Causal Networks}{chapter.4}% 71
\BOOKMARK [2][-]{subsection.4.6.1}{Conditional Dependency Relations}{section.4.6}% 72
\BOOKMARK [2][-]{subsection.4.6.2}{Factorization}{section.4.6}% 73
\BOOKMARK [1][-]{section.4.7}{Fusion algorithm}{chapter.4}% 74
\BOOKMARK [2][-]{subsection.4.7.1}{Marginalization}{section.4.7}% 75
\BOOKMARK [2][-]{subsection.4.7.2}{Back substitution}{section.4.7}% 76
